<?xml version="1.0" encoding="UTF-8"?>
<testng-results skipped="0" failed="1" ignored="0" total="4" passed="3">
  <reporter-output>
  </reporter-output>
  <suite name="Default suite" duration-ms="29854" started-at="2023-08-19T16:31:16 UTC" finished-at="2023-08-19T16:31:46 UTC">
    <groups>
    </groups>
    <test name="Default test" duration-ms="29854" started-at="2023-08-19T16:31:16 UTC" finished-at="2023-08-19T16:31:46 UTC">
      <class name="tests.OnlineShoppingTests">
        <test-method status="PASS" signature="startReportBeforeTest()[pri:0, instance:tests.OnlineShoppingTests@67205a84]" name="startReportBeforeTest" is-config="true" duration-ms="5989" started-at="2023-08-19T16:31:16 UTC" finished-at="2023-08-19T16:31:22 UTC">
          <reporter-output>
          </reporter-output>
        </test-method> <!-- startReportBeforeTest -->
        <test-method status="PASS" signature="testRegistration()[pri:1, instance:tests.OnlineShoppingTests@67205a84]" name="testRegistration" duration-ms="4577" started-at="2023-08-19T16:31:22 UTC" finished-at="2023-08-19T16:31:27 UTC">
          <reporter-output>
          </reporter-output>
        </test-method> <!-- testRegistration -->
        <test-method status="PASS" signature="getResultAfterMethod(org.testng.ITestResult)[pri:0, instance:tests.OnlineShoppingTests@67205a84]" name="getResultAfterMethod" is-config="true" duration-ms="27" started-at="2023-08-19T16:31:27 UTC" finished-at="2023-08-19T16:31:27 UTC">
          <params>
            <param index="0">
              <value>
                <![CDATA[[TestResult name=testRegistration status=SUCCESS method=OnlineShoppingTests.testRegistration()[pri:1, instance:tests.OnlineShoppingTests@67205a84] output={null}]]]>
              </value>
            </param>
          </params>
          <reporter-output>
          </reporter-output>
        </test-method> <!-- getResultAfterMethod -->
        <test-method status="PASS" signature="testLogin()[pri:2, instance:tests.OnlineShoppingTests@67205a84]" name="testLogin" duration-ms="1593" started-at="2023-08-19T16:31:27 UTC" finished-at="2023-08-19T16:31:29 UTC">
          <reporter-output>
          </reporter-output>
        </test-method> <!-- testLogin -->
        <test-method status="PASS" signature="getResultAfterMethod(org.testng.ITestResult)[pri:0, instance:tests.OnlineShoppingTests@67205a84]" name="getResultAfterMethod" is-config="true" duration-ms="1" started-at="2023-08-19T16:31:29 UTC" finished-at="2023-08-19T16:31:29 UTC">
          <params>
            <param index="0">
              <value>
                <![CDATA[[TestResult name=testLogin status=SUCCESS method=OnlineShoppingTests.testLogin()[pri:2, instance:tests.OnlineShoppingTests@67205a84] output={null}]]]>
              </value>
            </param>
          </params>
          <reporter-output>
          </reporter-output>
        </test-method> <!-- getResultAfterMethod -->
        <test-method status="FAIL" signature="testCart()[pri:3, instance:tests.OnlineShoppingTests@67205a84]" name="testCart" duration-ms="3099" started-at="2023-08-19T16:31:29 UTC" finished-at="2023-08-19T16:31:32 UTC">
          <exception class="java.lang.AssertionError">
            <message>
              <![CDATA[expected [Shopping Cart] but found [View Cart]]]>
            </message>
            <full-stacktrace>
              <![CDATA[java.lang.AssertionError: expected [Shopping Cart] but found [View Cart]
at org.testng.Assert.fail(Assert.java:97)
at org.testng.Assert.assertEqualsImpl(Assert.java:136)
at org.testng.Assert.assertEquals(Assert.java:118)
at org.testng.Assert.assertEquals(Assert.java:575)
at org.testng.Assert.assertEquals(Assert.java:585)
at tests.OnlineShoppingTests.testCart(OnlineShoppingTests.java:122)
at sun.reflect.NativeMethodAccessorImpl.invoke0(Native Method)
at sun.reflect.NativeMethodAccessorImpl.invoke(NativeMethodAccessorImpl.java:62)
at sun.reflect.DelegatingMethodAccessorImpl.invoke(DelegatingMethodAccessorImpl.java:43)
at java.lang.reflect.Method.invoke(Method.java:498)
at org.testng.internal.MethodInvocationHelper.invokeMethod(MethodInvocationHelper.java:133)
at org.testng.internal.TestInvoker.invokeMethod(TestInvoker.java:584)
at org.testng.internal.TestInvoker.invokeTestMethod(TestInvoker.java:172)
at org.testng.internal.MethodRunner.runInSequence(MethodRunner.java:46)
at org.testng.internal.TestInvoker$MethodInvocationAgent.invoke(TestInvoker.java:804)
at org.testng.internal.TestInvoker.invokeTestMethods(TestInvoker.java:145)
at org.testng.internal.TestMethodWorker.invokeTestMethods(TestMethodWorker.java:146)
at org.testng.internal.TestMethodWorker.run(TestMethodWorker.java:128)
at java.util.ArrayList.forEach(ArrayList.java:1259)
at org.testng.TestRunner.privateRun(TestRunner.java:770)
at org.testng.TestRunner.run(TestRunner.java:591)
at org.testng.SuiteRunner.runTest(SuiteRunner.java:402)
at org.testng.SuiteRunner.runSequentially(SuiteRunner.java:396)
at org.testng.SuiteRunner.privateRun(SuiteRunner.java:355)
at org.testng.SuiteRunner.run(SuiteRunner.java:304)
at org.testng.SuiteRunnerWorker.runSuite(SuiteRunnerWorker.java:53)
at org.testng.SuiteRunnerWorker.run(SuiteRunnerWorker.java:96)
at org.testng.TestNG.runSuitesSequentially(TestNG.java:1180)
at org.testng.TestNG.runSuitesLocally(TestNG.java:1102)
at org.testng.TestNG.runSuites(TestNG.java:1032)
at org.testng.TestNG.run(TestNG.java:1000)
at org.testng.remote.AbstractRemoteTestNG.run(AbstractRemoteTestNG.java:115)
at org.testng.remote.RemoteTestNG.initAndRun(RemoteTestNG.java:251)
at org.testng.remote.RemoteTestNG.main(RemoteTestNG.java:77)
]]>
            </full-stacktrace>
          </exception> <!-- java.lang.AssertionError -->
          <reporter-output>
          </reporter-output>
        </test-method> <!-- testCart -->
        <test-method status="PASS" signature="getResultAfterMethod(org.testng.ITestResult)[pri:0, instance:tests.OnlineShoppingTests@67205a84]" name="getResultAfterMethod" is-config="true" duration-ms="501" started-at="2023-08-19T16:31:32 UTC" finished-at="2023-08-19T16:31:32 UTC">
          <params>
            <param index="0">
              <value>
                <![CDATA[[TestResult name=testCart status=FAILURE method=OnlineShoppingTests.testCart()[pri:3, instance:tests.OnlineShoppingTests@67205a84] output={null}]]]>
              </value>
            </param>
          </params>
          <reporter-output>
          </reporter-output>
        </test-method> <!-- getResultAfterMethod -->
        <test-method status="PASS" signature="testPayment()[pri:4, instance:tests.OnlineShoppingTests@67205a84]" name="testPayment" duration-ms="12712" started-at="2023-08-19T16:31:32 UTC" finished-at="2023-08-19T16:31:45 UTC">
          <reporter-output>
          </reporter-output>
        </test-method> <!-- testPayment -->
        <test-method status="PASS" signature="getResultAfterMethod(org.testng.ITestResult)[pri:0, instance:tests.OnlineShoppingTests@67205a84]" name="getResultAfterMethod" is-config="true" duration-ms="2" started-at="2023-08-19T16:31:45 UTC" finished-at="2023-08-19T16:31:45 UTC">
          <params>
            <param index="0">
              <value>
                <![CDATA[[TestResult name=testPayment status=SUCCESS method=OnlineShoppingTests.testPayment()[pri:4, instance:tests.OnlineShoppingTests@67205a84] output={null}]]]>
              </value>
            </param>
          </params>
          <reporter-output>
          </reporter-output>
        </test-method> <!-- getResultAfterMethod -->
        <test-method status="PASS" signature="endReportAfterTest()[pri:0, instance:tests.OnlineShoppingTests@67205a84]" name="endReportAfterTest" is-config="true" duration-ms="1235" started-at="2023-08-19T16:31:45 UTC" finished-at="2023-08-19T16:31:46 UTC">
          <reporter-output>
          </reporter-output>
        </test-method> <!-- endReportAfterTest -->
      </class> <!-- tests.OnlineShoppingTests -->
    </test> <!-- Default test -->
  </suite> <!-- Default suite -->
</testng-results>
